<?xml version="1.0" encoding="UTF-8"?>
<!-- Generated by org.testng.reporters.JUnitXMLReporter -->
<testsuite hostname="mylaptop" ignored="0" name="Test" tests="4" failures="0" timestamp="2020-04-27T06:31:27 BST" time="0.096" errors="0">
  <testcase name="BrowserAutomation" time="0.013" classname="Udemypractice.SeleniumTest"/>
  <testcase name="elementsUi" time="0.002" classname="Udemypractice.SeleniumTest"/>
  <testcase name="IosApps" time="0.002" classname="Udemypractice.AppiumTest"/>
  <testcase name="NativeAndroid" time="0.003" classname="Udemypractice.AppiumTest"/>
</testsuite> <!-- Test -->
