<?xml version="1.0" encoding="UTF-8"?>
<testng-results skipped="0" failed="0" ignored="0" total="4" passed="4">
  <reporter-output>
  </reporter-output>
  <suite name="Suite" duration-ms="96" started-at="2020-04-27T06:31:27 BST" finished-at="2020-04-27T06:31:27 BST">
    <groups>
    </groups>
    <test name="Test" duration-ms="96" started-at="2020-04-27T06:31:27 BST" finished-at="2020-04-27T06:31:27 BST">
      <class name="Udemypractice.AppiumTest">
        <test-method status="PASS" signature="IosApps()[pri:0, instance:Udemypractice.AppiumTest@1e965684]" name="IosApps" duration-ms="2" started-at="2020-04-27T06:31:27 BST" finished-at="2020-04-27T06:31:27 BST">
          <reporter-output>
          </reporter-output>
        </test-method> <!-- IosApps -->
        <test-method status="PASS" signature="NativeAndroid()[pri:0, instance:Udemypractice.AppiumTest@1e965684]" name="NativeAndroid" duration-ms="3" started-at="2020-04-27T06:31:27 BST" finished-at="2020-04-27T06:31:27 BST">
          <reporter-output>
          </reporter-output>
        </test-method> <!-- NativeAndroid -->
      </class> <!-- Udemypractice.AppiumTest -->
      <class name="Udemypractice.SeleniumTest">
        <test-method status="PASS" signature="BrowserAutomation()[pri:0, instance:Udemypractice.SeleniumTest@167fdd33]" name="BrowserAutomation" duration-ms="13" started-at="2020-04-27T06:31:27 BST" finished-at="2020-04-27T06:31:27 BST">
          <reporter-output>
          </reporter-output>
        </test-method> <!-- BrowserAutomation -->
        <test-method status="PASS" signature="elementsUi()[pri:0, instance:Udemypractice.SeleniumTest@167fdd33]" name="elementsUi" duration-ms="2" started-at="2020-04-27T06:31:27 BST" finished-at="2020-04-27T06:31:27 BST">
          <reporter-output>
          </reporter-output>
        </test-method> <!-- elementsUi -->
      </class> <!-- Udemypractice.SeleniumTest -->
    </test> <!-- Test -->
  </suite> <!-- Suite -->
</testng-results>
